


ARM Macro Assembler    Page 1 


    1 00000000         ;/******************************************************
                       ***********************
    2 00000000         ; * @file:    startup_LPC17xx.s
    3 00000000         ; * @purpose: CMSIS Cortex-M3 Core Device Startup File 
    4 00000000         ; *           for the NXP LPC17xx Device Series 
    5 00000000         ; * @version: V1.01
    6 00000000         ; * @date:    21. December 2009
    7 00000000         ; *------- <<< Use Configuration Wizard in Context Menu 
                       >>> ------------------
    8 00000000         ; *
    9 00000000         ; * Copyright (C) 2009 ARM Limited. All rights reserved.
                       
   10 00000000         ; * ARM Limited (ARM) is supplying this software for use
                        with Cortex-M3 
   11 00000000         ; * processor based microcontrollers.  This file can be 
                       freely distributed 
   12 00000000         ; * within development tools that are supporting such AR
                       M based processors. 
   13 00000000         ; *
   14 00000000         ; * THIS SOFTWARE IS PROVIDED "AS IS".  NO WARRANTIES, W
                       HETHER EXPRESS, IMPLIED
   15 00000000         ; * OR STATUTORY, INCLUDING, BUT NOT LIMITED TO, IMPLIED
                        WARRANTIES OF
   16 00000000         ; * MERCHANTABILITY AND FITNESS FOR A PARTICULAR PURPOSE
                        APPLY TO THIS SOFTWARE.
   17 00000000         ; * ARM SHALL NOT, IN ANY CIRCUMSTANCES, BE LIABLE FOR S
                       PECIAL, INCIDENTAL, OR
   18 00000000         ; * CONSEQUENTIAL DAMAGES, FOR ANY REASON WHATSOEVER.
   19 00000000         ; *
   20 00000000         ; ******************************************************
                       ***********************/
   21 00000000         
   22 00000000         
   23 00000000         ; <h> Stack Configuration
   24 00000000         ;   <o> Stack Size (in Bytes) <0x0-0xFFFFFFFF:8>
   25 00000000         ; </h>
   26 00000000         
   27 00000000 00000200 
                       Stack_Size
                               EQU              0x00000200
   28 00000000         
   29 00000000                 AREA             STACK, NOINIT, READWRITE, ALIGN
=3
   30 00000000         Stack_Mem
                               SPACE            Stack_Size
   31 00000200         ;Commento2: ELIMINARE I COMMENTI SOTTOSTANTI PER GESTIRE
                        MSP e PSP STACKS
   32 00000200         ;    SPACE   Stack_Size/2
   33 00000200         ;Stack_Mem  SPACE   Stack_Size/2  
   34 00000200         __initial_sp
   35 00000200         
   36 00000200         
   37 00000200         ; <h> Heap Configuration
   38 00000200         ;   <o>  Heap Size (in Bytes) <0x0-0xFFFFFFFF:8>
   39 00000200         ; </h>
   40 00000200         
   41 00000200 00000000 
                       Heap_Size
                               EQU              0x00000000



ARM Macro Assembler    Page 2 


   42 00000200         
   43 00000200                 AREA             HEAP, NOINIT, READWRITE, ALIGN=
3
   44 00000000         __heap_base
   45 00000000         Heap_Mem
                               SPACE            Heap_Size
   46 00000000         __heap_limit
   47 00000000         
   48 00000000         
   49 00000000                 PRESERVE8
   50 00000000                 THUMB
   51 00000000         
   52 00000000         
   53 00000000         ; Vector Table Mapped to Address 0 at Reset
   54 00000000         
   55 00000000                 AREA             RESET, DATA, READONLY
   56 00000000                 EXPORT           __Vectors
   57 00000000         
   58 00000000 00000000 
                       __Vectors
                               DCD              __initial_sp ; Top of Stack
   59 00000004 00000000        DCD              Reset_Handler ; Reset Handler
   60 00000008 00000000        DCD              NMI_Handler ; NMI Handler
   61 0000000C 00000000        DCD              HardFault_Handler ; Hard Fault 
                                                            Handler
   62 00000010 00000000        DCD              MemManage_Handler 
                                                            ; MPU Fault Handler
                                                            
   63 00000014 00000000        DCD              BusFault_Handler 
                                                            ; Bus Fault Handler
                                                            
   64 00000018 00000000        DCD              UsageFault_Handler ; Usage Faul
                                                            t Handler
   65 0000001C 00000000        DCD              0           ; Reserved
   66 00000020 00000000        DCD              0           ; Reserved
   67 00000024 00000000        DCD              0           ; Reserved
   68 00000028 00000000        DCD              0           ; Reserved
   69 0000002C 00000000        DCD              SVC_Handler ; SVCall Handler
   70 00000030 00000000        DCD              DebugMon_Handler ; Debug Monito
                                                            r Handler
   71 00000034 00000000        DCD              0           ; Reserved
   72 00000038 00000000        DCD              PendSV_Handler ; PendSV Handler
                                                            
   73 0000003C 00000000        DCD              SysTick_Handler 
                                                            ; SysTick Handler
   74 00000040         
   75 00000040         ; External Interrupts
   76 00000040 00000000        DCD              WDT_IRQHandler ; 16: Watchdog T
                                                            imer
   77 00000044 00000000        DCD              TIMER0_IRQHandler ; 17: Timer0
   78 00000048 00000000        DCD              TIMER1_IRQHandler ; 18: Timer1
   79 0000004C 00000000        DCD              TIMER2_IRQHandler ; 19: Timer2
   80 00000050 00000000        DCD              TIMER3_IRQHandler ; 20: Timer3
   81 00000054 00000000        DCD              UART0_IRQHandler ; 21: UART0
   82 00000058 00000000        DCD              UART1_IRQHandler ; 22: UART1
   83 0000005C 00000000        DCD              UART2_IRQHandler ; 23: UART2
   84 00000060 00000000        DCD              UART3_IRQHandler ; 24: UART3
   85 00000064 00000000        DCD              PWM1_IRQHandler ; 25: PWM1
   86 00000068 00000000        DCD              I2C0_IRQHandler ; 26: I2C0



ARM Macro Assembler    Page 3 


   87 0000006C 00000000        DCD              I2C1_IRQHandler ; 27: I2C1
   88 00000070 00000000        DCD              I2C2_IRQHandler ; 28: I2C2
   89 00000074 00000000        DCD              SPI_IRQHandler ; 29: SPI
   90 00000078 00000000        DCD              SSP0_IRQHandler ; 30: SSP0
   91 0000007C 00000000        DCD              SSP1_IRQHandler ; 31: SSP1
   92 00000080 00000000        DCD              PLL0_IRQHandler ; 32: PLL0 Lock
                                                             (Main PLL)
   93 00000084 00000000        DCD              RTC_IRQHandler ; 33: Real Time 
                                                            Clock
   94 00000088 00000000        DCD              EINT0_IRQHandler ; 34: External
                                                             Interrupt 0
   95 0000008C 00000000        DCD              EINT1_IRQHandler ; 35: External
                                                             Interrupt 1
   96 00000090 00000000        DCD              EINT2_IRQHandler ; 36: External
                                                             Interrupt 2
   97 00000094 00000000        DCD              EINT3_IRQHandler ; 37: External
                                                             Interrupt 3
   98 00000098 00000000        DCD              ADC_IRQHandler 
                                                            ; 38: A/D Converter
                                                            
   99 0000009C 00000000        DCD              BOD_IRQHandler ; 39: Brown-Out 
                                                            Detect
  100 000000A0 00000000        DCD              USB_IRQHandler ; 40: USB
  101 000000A4 00000000        DCD              CAN_IRQHandler ; 41: CAN
  102 000000A8 00000000        DCD              DMA_IRQHandler ; 42: General Pu
                                                            rpose DMA
  103 000000AC 00000000        DCD              I2S_IRQHandler ; 43: I2S
  104 000000B0 00000000        DCD              ENET_IRQHandler ; 44: Ethernet
  105 000000B4 00000000        DCD              RIT_IRQHandler ; 45: Repetitive
                                                             Interrupt Timer
  106 000000B8 00000000        DCD              MCPWM_IRQHandler ; 46: Motor Co
                                                            ntrol PWM
  107 000000BC 00000000        DCD              QEI_IRQHandler ; 47: Quadrature
                                                             Encoder Interface
  108 000000C0 00000000        DCD              PLL1_IRQHandler ; 48: PLL1 Lock
                                                             (USB PLL)
  109 000000C4 00000000        DCD              USBActivity_IRQHandler ; USB Ac
                                                            tivity interrupt to
                                                             wakeup
  110 000000C8 00000000        DCD              CANActivity_IRQHandler ; CAN Ac
                                                            tivity interrupt to
                                                             wakeup
  111 000000CC         
  112 000000CC         
  113 000000CC                 IF               :LNOT::DEF:NO_CRP
  114 000000CC                 AREA             |.ARM.__at_0x02FC|, CODE, READO
NLY
  115 00000000 FFFFFFFF 
                       CRP_Key DCD              0xFFFFFFFF
  116 00000004                 ENDIF
  117 00000004         
  118 00000004         
  119 00000004                 AREA             |.text|, CODE, READONLY
  120 00000000         
  121 00000000         
  122 00000000         ; Reset Handler
  123 00000000         
  124 00000000         Reset_Handler
                               PROC



ARM Macro Assembler    Page 4 


  125 00000000                 EXPORT           Reset_Handler             [WEAK
]
  126 00000000                 IMPORT           __main
  127 00000000         
  128 00000000         ;Commento2_1: impostazione a USER-MODE (PSP)
  129 00000000         ;MOV  R0, #3
  130 00000000         ;MSR  CONTROL, R0  ;imposta User-Mode
  131 00000000         ;LDR  SP, =Stack_Mem ;imposta PSP
  132 00000000         
  133 00000000 4808            LDR              R0, =__main
  134 00000002 4700            BX               R0
  135 00000004                 ENDP
  136 00000004         ;Effettuare Renaming Registri:
  137 00000004         ;MY_CONSTANT EQU 10
  138 00000004         ;my_register RN 10
  139 00000004         
  140 00000004         ; Dummy Exception Handlers (infinite loops which can be 
                       modified)                
  141 00000004         
  142 00000004         NMI_Handler
                               PROC
  143 00000004                 EXPORT           NMI_Handler               [WEAK
]
  144 00000004 E7FE            B                .
  145 00000006                 ENDP
  147 00000006         HardFault_Handler
                               PROC
  148 00000006                 EXPORT           HardFault_Handler         [WEAK
]
  149 00000006 E7FE            B                .
  150 00000008                 ENDP
  152 00000008         MemManage_Handler
                               PROC
  153 00000008                 EXPORT           MemManage_Handler         [WEAK
]
  154 00000008 E7FE            B                .
  155 0000000A                 ENDP
  157 0000000A         BusFault_Handler
                               PROC
  158 0000000A                 EXPORT           BusFault_Handler          [WEAK
]
  159 0000000A E7FE            B                .
  160 0000000C                 ENDP
  162 0000000C         UsageFault_Handler
                               PROC
  163 0000000C                 EXPORT           UsageFault_Handler        [WEAK
]
  164 0000000C E7FE            B                .
  165 0000000E                 ENDP
  166 0000000E         SVC_Handler
                               PROC
  167 0000000E                 EXPORT           SVC_Handler               [WEAK
]
  168 0000000E         
  169 0000000E         ;Commento1_1
  170 0000000E         ;PUSH {R0-R12, LR} ;salvo stato registri per poterli sov
                       rascrivere
  171 0000000E         ;TST lr, #2_0100  ;test sul terzo bit del registro lr (c
                       'è una stringa indicante lo stack chiamante MSP/PSP) per



ARM Macro Assembler    Page 5 


                        vedere qual era lo stack caller
  172 0000000E         ;MRSEQ R1, msp  ;Il chiamante usava MSP (Handler Mode), 
                       setto R1 come puntatore allo stack chiamante
  173 0000000E         ;LDREQ R0, [R1, #20*4] ;MSP caller: recupero indirizzo d
                       ello SP che è [MSP+(20*4)]
  174 0000000E         
  175 0000000E         ;MRSNE R1, psp  ;Il chiamante usava PSP (User Mode), set
                       to R1 come puntatore allo stack chiamante
  176 0000000E         ;LDRNE R0, [R1, #24]   ;PSP caller: recupero indirizzo d
                       ello SP che è [PSP+(7*4)]
  177 0000000E         
  178 0000000E         ;LDR R0, [R0, #-4] ;ricavo la chiamata all'SVC
  179 0000000E         ;BIC R0, #0xFF000000 ;ricavo il parametro passato all'SV
                       C
  180 0000000E         ;LSR R0, #16   ;ricavo il parametro passato all'SVC
  181 0000000E         
  182 0000000E         ;cmp r0, 0xCA  ;se parametro uguale a ciò che mi aspetto
                       : __asm__("SVC 0xca")
  183 0000000E         ;beq exercise2_1  ;eseguo quello che mi serve, sennò ter
                       mino
  184 0000000E         
  185 0000000E E7FE            B                .
  186 00000010                 ENDP
  188 00000010         DebugMon_Handler
                               PROC
  189 00000010                 EXPORT           DebugMon_Handler          [WEAK
]
  190 00000010 E7FE            B                .
  191 00000012                 ENDP
  192 00000012         PendSV_Handler
                               PROC
  193 00000012                 EXPORT           PendSV_Handler            [WEAK
]
  194 00000012 E7FE            B                .
  195 00000014                 ENDP
  196 00000014         SysTick_Handler
                               PROC
  197 00000014                 EXPORT           SysTick_Handler           [WEAK
]
  198 00000014 E7FE            B                .
  199 00000016                 ENDP
  200 00000016         
  201 00000016         Default_Handler
                               PROC
  202 00000016         
  203 00000016                 EXPORT           WDT_IRQHandler            [WEAK
]
  204 00000016                 EXPORT           TIMER0_IRQHandler         [WEAK
]
  205 00000016                 EXPORT           TIMER1_IRQHandler         [WEAK
]
  206 00000016                 EXPORT           TIMER2_IRQHandler         [WEAK
]
  207 00000016                 EXPORT           TIMER3_IRQHandler         [WEAK
]
  208 00000016                 EXPORT           UART0_IRQHandler          [WEAK
]
  209 00000016                 EXPORT           UART1_IRQHandler          [WEAK
]



ARM Macro Assembler    Page 6 


  210 00000016                 EXPORT           UART2_IRQHandler          [WEAK
]
  211 00000016                 EXPORT           UART3_IRQHandler          [WEAK
]
  212 00000016                 EXPORT           PWM1_IRQHandler           [WEAK
]
  213 00000016                 EXPORT           I2C0_IRQHandler           [WEAK
]
  214 00000016                 EXPORT           I2C1_IRQHandler           [WEAK
]
  215 00000016                 EXPORT           I2C2_IRQHandler           [WEAK
]
  216 00000016                 EXPORT           SPI_IRQHandler            [WEAK
]
  217 00000016                 EXPORT           SSP0_IRQHandler           [WEAK
]
  218 00000016                 EXPORT           SSP1_IRQHandler           [WEAK
]
  219 00000016                 EXPORT           PLL0_IRQHandler           [WEAK
]
  220 00000016                 EXPORT           RTC_IRQHandler            [WEAK
]
  221 00000016                 EXPORT           EINT0_IRQHandler          [WEAK
]
  222 00000016                 EXPORT           EINT1_IRQHandler          [WEAK
]
  223 00000016                 EXPORT           EINT2_IRQHandler          [WEAK
]
  224 00000016                 EXPORT           EINT3_IRQHandler          [WEAK
]
  225 00000016                 EXPORT           ADC_IRQHandler            [WEAK
]
  226 00000016                 EXPORT           BOD_IRQHandler            [WEAK
]
  227 00000016                 EXPORT           USB_IRQHandler            [WEAK
]
  228 00000016                 EXPORT           CAN_IRQHandler            [WEAK
]
  229 00000016                 EXPORT           DMA_IRQHandler            [WEAK
]
  230 00000016                 EXPORT           I2S_IRQHandler            [WEAK
]
  231 00000016                 EXPORT           ENET_IRQHandler           [WEAK
]
  232 00000016                 EXPORT           RIT_IRQHandler            [WEAK
]
  233 00000016                 EXPORT           MCPWM_IRQHandler          [WEAK
]
  234 00000016                 EXPORT           QEI_IRQHandler            [WEAK
]
  235 00000016                 EXPORT           PLL1_IRQHandler           [WEAK
]
  236 00000016                 EXPORT           USBActivity_IRQHandler    [WEAK
]
  237 00000016                 EXPORT           CANActivity_IRQHandler    [WEAK
]
  238 00000016         
  239 00000016         WDT_IRQHandler
  240 00000016         TIMER0_IRQHandler



ARM Macro Assembler    Page 7 


  241 00000016         TIMER1_IRQHandler
  242 00000016         TIMER2_IRQHandler
  243 00000016         TIMER3_IRQHandler
  244 00000016         UART0_IRQHandler
  245 00000016         UART1_IRQHandler
  246 00000016         UART2_IRQHandler
  247 00000016         UART3_IRQHandler
  248 00000016         PWM1_IRQHandler
  249 00000016         I2C0_IRQHandler
  250 00000016         I2C1_IRQHandler
  251 00000016         I2C2_IRQHandler
  252 00000016         SPI_IRQHandler
  253 00000016         SSP0_IRQHandler
  254 00000016         SSP1_IRQHandler
  255 00000016         PLL0_IRQHandler
  256 00000016         RTC_IRQHandler
  257 00000016         EINT0_IRQHandler
  258 00000016         EINT1_IRQHandler
  259 00000016         EINT2_IRQHandler
  260 00000016         EINT3_IRQHandler
  261 00000016         ADC_IRQHandler
  262 00000016         BOD_IRQHandler
  263 00000016         USB_IRQHandler
  264 00000016         CAN_IRQHandler
  265 00000016         DMA_IRQHandler
  266 00000016         I2S_IRQHandler
  267 00000016         ENET_IRQHandler
  268 00000016         RIT_IRQHandler
  269 00000016         MCPWM_IRQHandler
  270 00000016         QEI_IRQHandler
  271 00000016         PLL1_IRQHandler
  272 00000016         USBActivity_IRQHandler
  273 00000016         CANActivity_IRQHandler
  274 00000016         
  275 00000016 E7FE            B                .
  276 00000018         
  277 00000018                 ENDP
  278 00000018         
  279 00000018         
  280 00000018                 ALIGN
  281 00000018         
  282 00000018         
  283 00000018         ; User Initial Stack & Heap
  284 00000018         
  285 00000018                 IF               :DEF:__MICROLIB
  292 00000018         
  293 00000018                 IMPORT           __use_two_region_memory
  294 00000018                 EXPORT           __user_initial_stackheap
  295 00000018         __user_initial_stackheap
  296 00000018         
  297 00000018 4803            LDR              R0, =  Heap_Mem
  298 0000001A 4904            LDR              R1, =(Stack_Mem + Stack_Size)
  299 0000001C 4A02            LDR              R2, = (Heap_Mem +  Heap_Size)
  300 0000001E 4B04            LDR              R3, = Stack_Mem
  301 00000020 4770            BX               LR
  302 00000022         
  303 00000022 00 00           ALIGN
  304 00000024         
  305 00000024                 ENDIF



ARM Macro Assembler    Page 8 


  306 00000024         
  307 00000024         
  308 00000024                 END
              00000000 
              00000000 
              00000200 
              00000000 
Command Line: --debug --xref --diag_suppress=9931 --cpu=Cortex-M3 --apcs=interw
ork --depend=.\startup_lpc17xx.d -o.\startup_lpc17xx.o -I.\RTE\_Target_1 -IC:\U
sers\perlo\AppData\Local\Arm\Packs\ARM\CMSIS\5.8.0\CMSIS\Core\Include -IC:\User
s\perlo\AppData\Local\Arm\Packs\Keil\LPC1700_DFP\2.7.1\Device\Include --predefi
ne="__EVAL SETA 1" --predefine="__UVISION_VERSION SETA 536" --predefine="_RTE_ 
SETA 1" --predefine="LPC175x_6x SETA 1" --predefine="_RTE_ SETA 1" --list=.\sta
rtup_lpc17xx.lst startup_LPC17xx.s



ARM Macro Assembler    Page 1 Alphabetic symbol ordering
Relocatable symbols

STACK 00000000

Symbol: STACK
   Definitions
      At line 29 in file startup_LPC17xx.s
   Uses
      None
Comment: STACK unused
Stack_Mem 00000000

Symbol: Stack_Mem
   Definitions
      At line 30 in file startup_LPC17xx.s
   Uses
      At line 298 in file startup_LPC17xx.s
      At line 300 in file startup_LPC17xx.s

__initial_sp 00000200

Symbol: __initial_sp
   Definitions
      At line 34 in file startup_LPC17xx.s
   Uses
      At line 58 in file startup_LPC17xx.s
Comment: __initial_sp used once
3 symbols



ARM Macro Assembler    Page 1 Alphabetic symbol ordering
Relocatable symbols

HEAP 00000000

Symbol: HEAP
   Definitions
      At line 43 in file startup_LPC17xx.s
   Uses
      None
Comment: HEAP unused
Heap_Mem 00000000

Symbol: Heap_Mem
   Definitions
      At line 45 in file startup_LPC17xx.s
   Uses
      At line 297 in file startup_LPC17xx.s
      At line 299 in file startup_LPC17xx.s

__heap_base 00000000

Symbol: __heap_base
   Definitions
      At line 44 in file startup_LPC17xx.s
   Uses
      None
Comment: __heap_base unused
__heap_limit 00000000

Symbol: __heap_limit
   Definitions
      At line 46 in file startup_LPC17xx.s
   Uses
      None
Comment: __heap_limit unused
4 symbols



ARM Macro Assembler    Page 1 Alphabetic symbol ordering
Relocatable symbols

RESET 00000000

Symbol: RESET
   Definitions
      At line 55 in file startup_LPC17xx.s
   Uses
      None
Comment: RESET unused
__Vectors 00000000

Symbol: __Vectors
   Definitions
      At line 58 in file startup_LPC17xx.s
   Uses
      At line 56 in file startup_LPC17xx.s
Comment: __Vectors used once
2 symbols



ARM Macro Assembler    Page 1 Alphabetic symbol ordering
Relocatable symbols

.ARM.__at_0x02FC 00000000

Symbol: .ARM.__at_0x02FC
   Definitions
      At line 114 in file startup_LPC17xx.s
   Uses
      None
Comment: .ARM.__at_0x02FC unused
CRP_Key 00000000

Symbol: CRP_Key
   Definitions
      At line 115 in file startup_LPC17xx.s
   Uses
      None
Comment: CRP_Key unused
2 symbols



ARM Macro Assembler    Page 1 Alphabetic symbol ordering
Relocatable symbols

.text 00000000

Symbol: .text
   Definitions
      At line 119 in file startup_LPC17xx.s
   Uses
      None
Comment: .text unused
ADC_IRQHandler 00000016

Symbol: ADC_IRQHandler
   Definitions
      At line 261 in file startup_LPC17xx.s
   Uses
      At line 98 in file startup_LPC17xx.s
      At line 225 in file startup_LPC17xx.s

BOD_IRQHandler 00000016

Symbol: BOD_IRQHandler
   Definitions
      At line 262 in file startup_LPC17xx.s
   Uses
      At line 99 in file startup_LPC17xx.s
      At line 226 in file startup_LPC17xx.s

BusFault_Handler 0000000A

Symbol: BusFault_Handler
   Definitions
      At line 157 in file startup_LPC17xx.s
   Uses
      At line 63 in file startup_LPC17xx.s
      At line 158 in file startup_LPC17xx.s

CANActivity_IRQHandler 00000016

Symbol: CANActivity_IRQHandler
   Definitions
      At line 273 in file startup_LPC17xx.s
   Uses
      At line 110 in file startup_LPC17xx.s
      At line 237 in file startup_LPC17xx.s

CAN_IRQHandler 00000016

Symbol: CAN_IRQHandler
   Definitions
      At line 264 in file startup_LPC17xx.s
   Uses
      At line 101 in file startup_LPC17xx.s
      At line 228 in file startup_LPC17xx.s

DMA_IRQHandler 00000016

Symbol: DMA_IRQHandler
   Definitions
      At line 265 in file startup_LPC17xx.s
   Uses



ARM Macro Assembler    Page 2 Alphabetic symbol ordering
Relocatable symbols

      At line 102 in file startup_LPC17xx.s
      At line 229 in file startup_LPC17xx.s

DebugMon_Handler 00000010

Symbol: DebugMon_Handler
   Definitions
      At line 188 in file startup_LPC17xx.s
   Uses
      At line 70 in file startup_LPC17xx.s
      At line 189 in file startup_LPC17xx.s

Default_Handler 00000016

Symbol: Default_Handler
   Definitions
      At line 201 in file startup_LPC17xx.s
   Uses
      None
Comment: Default_Handler unused
EINT0_IRQHandler 00000016

Symbol: EINT0_IRQHandler
   Definitions
      At line 257 in file startup_LPC17xx.s
   Uses
      At line 94 in file startup_LPC17xx.s
      At line 221 in file startup_LPC17xx.s

EINT1_IRQHandler 00000016

Symbol: EINT1_IRQHandler
   Definitions
      At line 258 in file startup_LPC17xx.s
   Uses
      At line 95 in file startup_LPC17xx.s
      At line 222 in file startup_LPC17xx.s

EINT2_IRQHandler 00000016

Symbol: EINT2_IRQHandler
   Definitions
      At line 259 in file startup_LPC17xx.s
   Uses
      At line 96 in file startup_LPC17xx.s
      At line 223 in file startup_LPC17xx.s

EINT3_IRQHandler 00000016

Symbol: EINT3_IRQHandler
   Definitions
      At line 260 in file startup_LPC17xx.s
   Uses
      At line 97 in file startup_LPC17xx.s
      At line 224 in file startup_LPC17xx.s

ENET_IRQHandler 00000016

Symbol: ENET_IRQHandler



ARM Macro Assembler    Page 3 Alphabetic symbol ordering
Relocatable symbols

   Definitions
      At line 267 in file startup_LPC17xx.s
   Uses
      At line 104 in file startup_LPC17xx.s
      At line 231 in file startup_LPC17xx.s

HardFault_Handler 00000006

Symbol: HardFault_Handler
   Definitions
      At line 147 in file startup_LPC17xx.s
   Uses
      At line 61 in file startup_LPC17xx.s
      At line 148 in file startup_LPC17xx.s

I2C0_IRQHandler 00000016

Symbol: I2C0_IRQHandler
   Definitions
      At line 249 in file startup_LPC17xx.s
   Uses
      At line 86 in file startup_LPC17xx.s
      At line 213 in file startup_LPC17xx.s

I2C1_IRQHandler 00000016

Symbol: I2C1_IRQHandler
   Definitions
      At line 250 in file startup_LPC17xx.s
   Uses
      At line 87 in file startup_LPC17xx.s
      At line 214 in file startup_LPC17xx.s

I2C2_IRQHandler 00000016

Symbol: I2C2_IRQHandler
   Definitions
      At line 251 in file startup_LPC17xx.s
   Uses
      At line 88 in file startup_LPC17xx.s
      At line 215 in file startup_LPC17xx.s

I2S_IRQHandler 00000016

Symbol: I2S_IRQHandler
   Definitions
      At line 266 in file startup_LPC17xx.s
   Uses
      At line 103 in file startup_LPC17xx.s
      At line 230 in file startup_LPC17xx.s

MCPWM_IRQHandler 00000016

Symbol: MCPWM_IRQHandler
   Definitions
      At line 269 in file startup_LPC17xx.s
   Uses
      At line 106 in file startup_LPC17xx.s
      At line 233 in file startup_LPC17xx.s



ARM Macro Assembler    Page 4 Alphabetic symbol ordering
Relocatable symbols


MemManage_Handler 00000008

Symbol: MemManage_Handler
   Definitions
      At line 152 in file startup_LPC17xx.s
   Uses
      At line 62 in file startup_LPC17xx.s
      At line 153 in file startup_LPC17xx.s

NMI_Handler 00000004

Symbol: NMI_Handler
   Definitions
      At line 142 in file startup_LPC17xx.s
   Uses
      At line 60 in file startup_LPC17xx.s
      At line 143 in file startup_LPC17xx.s

PLL0_IRQHandler 00000016

Symbol: PLL0_IRQHandler
   Definitions
      At line 255 in file startup_LPC17xx.s
   Uses
      At line 92 in file startup_LPC17xx.s
      At line 219 in file startup_LPC17xx.s

PLL1_IRQHandler 00000016

Symbol: PLL1_IRQHandler
   Definitions
      At line 271 in file startup_LPC17xx.s
   Uses
      At line 108 in file startup_LPC17xx.s
      At line 235 in file startup_LPC17xx.s

PWM1_IRQHandler 00000016

Symbol: PWM1_IRQHandler
   Definitions
      At line 248 in file startup_LPC17xx.s
   Uses
      At line 85 in file startup_LPC17xx.s
      At line 212 in file startup_LPC17xx.s

PendSV_Handler 00000012

Symbol: PendSV_Handler
   Definitions
      At line 192 in file startup_LPC17xx.s
   Uses
      At line 72 in file startup_LPC17xx.s
      At line 193 in file startup_LPC17xx.s

QEI_IRQHandler 00000016

Symbol: QEI_IRQHandler
   Definitions



ARM Macro Assembler    Page 5 Alphabetic symbol ordering
Relocatable symbols

      At line 270 in file startup_LPC17xx.s
   Uses
      At line 107 in file startup_LPC17xx.s
      At line 234 in file startup_LPC17xx.s

RIT_IRQHandler 00000016

Symbol: RIT_IRQHandler
   Definitions
      At line 268 in file startup_LPC17xx.s
   Uses
      At line 105 in file startup_LPC17xx.s
      At line 232 in file startup_LPC17xx.s

RTC_IRQHandler 00000016

Symbol: RTC_IRQHandler
   Definitions
      At line 256 in file startup_LPC17xx.s
   Uses
      At line 93 in file startup_LPC17xx.s
      At line 220 in file startup_LPC17xx.s

Reset_Handler 00000000

Symbol: Reset_Handler
   Definitions
      At line 124 in file startup_LPC17xx.s
   Uses
      At line 59 in file startup_LPC17xx.s
      At line 125 in file startup_LPC17xx.s

SPI_IRQHandler 00000016

Symbol: SPI_IRQHandler
   Definitions
      At line 252 in file startup_LPC17xx.s
   Uses
      At line 89 in file startup_LPC17xx.s
      At line 216 in file startup_LPC17xx.s

SSP0_IRQHandler 00000016

Symbol: SSP0_IRQHandler
   Definitions
      At line 253 in file startup_LPC17xx.s
   Uses
      At line 90 in file startup_LPC17xx.s
      At line 217 in file startup_LPC17xx.s

SSP1_IRQHandler 00000016

Symbol: SSP1_IRQHandler
   Definitions
      At line 254 in file startup_LPC17xx.s
   Uses
      At line 91 in file startup_LPC17xx.s
      At line 218 in file startup_LPC17xx.s




ARM Macro Assembler    Page 6 Alphabetic symbol ordering
Relocatable symbols

SVC_Handler 0000000E

Symbol: SVC_Handler
   Definitions
      At line 166 in file startup_LPC17xx.s
   Uses
      At line 69 in file startup_LPC17xx.s
      At line 167 in file startup_LPC17xx.s

SysTick_Handler 00000014

Symbol: SysTick_Handler
   Definitions
      At line 196 in file startup_LPC17xx.s
   Uses
      At line 73 in file startup_LPC17xx.s
      At line 197 in file startup_LPC17xx.s

TIMER0_IRQHandler 00000016

Symbol: TIMER0_IRQHandler
   Definitions
      At line 240 in file startup_LPC17xx.s
   Uses
      At line 77 in file startup_LPC17xx.s
      At line 204 in file startup_LPC17xx.s

TIMER1_IRQHandler 00000016

Symbol: TIMER1_IRQHandler
   Definitions
      At line 241 in file startup_LPC17xx.s
   Uses
      At line 78 in file startup_LPC17xx.s
      At line 205 in file startup_LPC17xx.s

TIMER2_IRQHandler 00000016

Symbol: TIMER2_IRQHandler
   Definitions
      At line 242 in file startup_LPC17xx.s
   Uses
      At line 79 in file startup_LPC17xx.s
      At line 206 in file startup_LPC17xx.s

TIMER3_IRQHandler 00000016

Symbol: TIMER3_IRQHandler
   Definitions
      At line 243 in file startup_LPC17xx.s
   Uses
      At line 80 in file startup_LPC17xx.s
      At line 207 in file startup_LPC17xx.s

UART0_IRQHandler 00000016

Symbol: UART0_IRQHandler
   Definitions
      At line 244 in file startup_LPC17xx.s



ARM Macro Assembler    Page 7 Alphabetic symbol ordering
Relocatable symbols

   Uses
      At line 81 in file startup_LPC17xx.s
      At line 208 in file startup_LPC17xx.s

UART1_IRQHandler 00000016

Symbol: UART1_IRQHandler
   Definitions
      At line 245 in file startup_LPC17xx.s
   Uses
      At line 82 in file startup_LPC17xx.s
      At line 209 in file startup_LPC17xx.s

UART2_IRQHandler 00000016

Symbol: UART2_IRQHandler
   Definitions
      At line 246 in file startup_LPC17xx.s
   Uses
      At line 83 in file startup_LPC17xx.s
      At line 210 in file startup_LPC17xx.s

UART3_IRQHandler 00000016

Symbol: UART3_IRQHandler
   Definitions
      At line 247 in file startup_LPC17xx.s
   Uses
      At line 84 in file startup_LPC17xx.s
      At line 211 in file startup_LPC17xx.s

USBActivity_IRQHandler 00000016

Symbol: USBActivity_IRQHandler
   Definitions
      At line 272 in file startup_LPC17xx.s
   Uses
      At line 109 in file startup_LPC17xx.s
      At line 236 in file startup_LPC17xx.s

USB_IRQHandler 00000016

Symbol: USB_IRQHandler
   Definitions
      At line 263 in file startup_LPC17xx.s
   Uses
      At line 100 in file startup_LPC17xx.s
      At line 227 in file startup_LPC17xx.s

UsageFault_Handler 0000000C

Symbol: UsageFault_Handler
   Definitions
      At line 162 in file startup_LPC17xx.s
   Uses
      At line 64 in file startup_LPC17xx.s
      At line 163 in file startup_LPC17xx.s

WDT_IRQHandler 00000016



ARM Macro Assembler    Page 8 Alphabetic symbol ordering
Relocatable symbols


Symbol: WDT_IRQHandler
   Definitions
      At line 239 in file startup_LPC17xx.s
   Uses
      At line 76 in file startup_LPC17xx.s
      At line 203 in file startup_LPC17xx.s

__user_initial_stackheap 00000018

Symbol: __user_initial_stackheap
   Definitions
      At line 295 in file startup_LPC17xx.s
   Uses
      At line 294 in file startup_LPC17xx.s
Comment: __user_initial_stackheap used once
48 symbols



ARM Macro Assembler    Page 1 Alphabetic symbol ordering
Absolute symbols

Heap_Size 00000000

Symbol: Heap_Size
   Definitions
      At line 41 in file startup_LPC17xx.s
   Uses
      At line 45 in file startup_LPC17xx.s
      At line 299 in file startup_LPC17xx.s

Stack_Size 00000200

Symbol: Stack_Size
   Definitions
      At line 27 in file startup_LPC17xx.s
   Uses
      At line 30 in file startup_LPC17xx.s
      At line 298 in file startup_LPC17xx.s

2 symbols



ARM Macro Assembler    Page 1 Alphabetic symbol ordering
External symbols

__main 00000000

Symbol: __main
   Definitions
      At line 126 in file startup_LPC17xx.s
   Uses
      At line 133 in file startup_LPC17xx.s
Comment: __main used once
__use_two_region_memory 00000000

Symbol: __use_two_region_memory
   Definitions
      At line 293 in file startup_LPC17xx.s
   Uses
      None
Comment: __use_two_region_memory unused
2 symbols
403 symbols in table
